<?xml version="1.0" encoding="UTF-8"?>
<!-- Generated by org.testng.reporters.JUnitReportReporter -->
<testsuite hostname="QT-INNO-LT0939" failures="0" tests="1" name="cards.TextNumberTextAreaButton" time="7.027" errors="0" timestamp="2021-10-07T14:47:24 IST" skipped="0">
  <testcase classname="cards.TextNumberTextAreaButton" name="dock" time="7.027"/>
  <system-out/>
</testsuite> <!-- cards.TextNumberTextAreaButton -->
